<?xml version="1.0" encoding="UTF-8"?>
<!-- Generated by org.testng.reporters.JUnitReportReporter -->
<testsuite hostname="DESKTOP-JKMLIMQ" failures="0" tests="1" name="read_excelfile.Excel_simple_readexcelfile" time="0.301" errors="0" timestamp="2023-10-18T21:47:14 IST" skipped="0">
  <testcase classname="read_excelfile.Excel_simple_readexcelfile" name="read_excel_aspercondition" time="0.301"/>
  <system-out/>
</testsuite> <!-- read_excelfile.Excel_simple_readexcelfile -->
