<?xml version="1.0" encoding="UTF-8"?>
<!-- Generated by org.testng.reporters.JUnitReportReporter -->
<testsuite hostname="DESKTOP-JKMLIMQ" failures="0" tests="2" name="testing.TC_01" time="0.134" errors="0" timestamp="2023-10-12T04:00:21 IST" skipped="0">
  <testcase classname="testing.TC_01" name="do_testing1" time="0.009"/>
  <testcase classname="testing.TC_01" name="do_testing" time="0.125"/>
</testsuite> <!-- testing.TC_01 -->
