<?xml version="1.0" encoding="UTF-8"?>
<!-- Generated by org.testng.reporters.JUnitReportReporter -->
<testsuite hostname="DESKTOP-JKMLIMQ" failures="0" tests="4" name="testing.Priority_Learning_TC_05" time="0.099" errors="0" timestamp="2023-10-12T07:50:22 IST" skipped="0">
  <testcase classname="testing.Priority_Learning_TC_05" name="signup_validation" time="0.074"/>
  <testcase classname="testing.Priority_Learning_TC_05" name="signin_validation" time="0.010"/>
  <testcase classname="testing.Priority_Learning_TC_05" name="homepage_validation" time="0.007"/>
  <testcase classname="testing.Priority_Learning_TC_05" name="cartpage_validation" time="0.008"/>
</testsuite> <!-- testing.Priority_Learning_TC_05 -->
