<?xml version="1.0" encoding="UTF-8"?>
<!-- Generated by org.testng.reporters.JUnitReportReporter -->
<testsuite hostname="DESKTOP-JKMLIMQ" failures="0" tests="4" name="testing.TC_05" time="0.160" errors="0" timestamp="2023-10-12T07:19:31 IST" skipped="0">
  <testcase classname="testing.TC_05" name="signup_validation" time="0.104"/>
  <testcase classname="testing.TC_05" name="signin_validation" time="0.009"/>
  <testcase classname="testing.TC_05" name="homepage_validation" time="0.036"/>
  <testcase classname="testing.TC_05" name="cartpage_validation" time="0.011"/>
</testsuite> <!-- testing.TC_05 -->
