<?xml version="1.0" encoding="UTF-8"?>
<!-- Generated by org.testng.reporters.JUnitReportReporter -->
<testsuite hostname="DESKTOP-JKMLIMQ" failures="0" tests="3" name="testScripts.GoogleTest" time="0.790" errors="0" timestamp="2023-10-17T21:03:28 IST" skipped="0">
  <testcase classname="testScripts.GoogleTest" name="test_theLogo" time="0.443"/>
  <testcase classname="testScripts.GoogleTest" name="test_the_SearchTextBox" time="0.260"/>
  <testcase classname="testScripts.GoogleTest" name="title_url" time="0.087"/>
</testsuite> <!-- testScripts.GoogleTest -->
