<?xml version="1.0" encoding="UTF-8"?>
<!-- Generated by org.testng.reporters.JUnitReportReporter -->
<testsuite hostname="DESKTOP-JKMLIMQ" failures="0" tests="2" name="testing.Groups_Learning_TC_6" time="0.016" errors="0" timestamp="2023-10-12T07:50:22 IST" skipped="0">
  <testcase classname="testing.Groups_Learning_TC_6" name="homepage_validation" time="0.007"/>
  <testcase classname="testing.Groups_Learning_TC_6" name="signin_validation" time="0.009"/>
</testsuite> <!-- testing.Groups_Learning_TC_6 -->
