<?xml version="1.0" encoding="UTF-8"?>
<!-- Generated by org.testng.reporters.JUnitReportReporter -->
<testsuite hostname="DESKTOP-JKMLIMQ" failures="0" tests="1" name="testing.Iframe_learning" time="2.616" errors="0" timestamp="2023-10-17T22:05:39 IST" skipped="0">
  <testcase classname="testing.Iframe_learning" name="Iframe_validation" time="2.616"/>
</testsuite> <!-- testing.Iframe_learning -->
