<?xml version="1.0" encoding="UTF-8"?>
<!-- Generated by org.testng.reporters.JUnitReportReporter -->
<testsuite hostname="DESKTOP-JKMLIMQ" failures="0" tests="3" name="testScripts.StackOverFlow_Test$Stack_Overflow" time="0.593" errors="0" timestamp="2023-10-17T22:57:26 IST" skipped="0">
  <testcase classname="testScripts.StackOverFlow_Test$Stack_Overflow" name="stackoverflow_subtabs" time="0.502"/>
  <testcase classname="testScripts.StackOverFlow_Test$Stack_Overflow" name="test_Products" time="0.003"/>
  <testcase classname="testScripts.StackOverFlow_Test$Stack_Overflow" name="Stackoverflow_logo" time="0.088"/>
</testsuite> <!-- testScripts.StackOverFlow_Test$Stack_Overflow -->
