<?xml version="1.0" encoding="UTF-8"?>
<!-- Generated by org.testng.reporters.JUnitReportReporter -->
<testsuite hostname="DESKTOP-JKMLIMQ" failures="0" tests="3" name="testScripts.GoogleTest" time="0.236" errors="0" timestamp="2023-10-17T22:57:26 IST" skipped="0">
  <testcase classname="testScripts.GoogleTest" name="test_the_SearchTextBox" time="0.078"/>
  <testcase classname="testScripts.GoogleTest" name="test_theLogo" time="0.107"/>
  <testcase classname="testScripts.GoogleTest" name="title_url" time="0.051"/>
</testsuite> <!-- testScripts.GoogleTest -->
