<?xml version="1.0" encoding="UTF-8"?>
<!-- Generated by org.testng.reporters.JUnitReportReporter -->
<testsuite hostname="DESKTOP-JKMLIMQ" failures="0" tests="3" name="testing.TC_04" time="2.096" errors="0" timestamp="2023-10-17T22:51:13 IST" skipped="0">
  <testcase classname="testing.TC_04" name="test_Contact_us_2" time="1.470"/>
  <testcase classname="testing.TC_04" name="testing_3" time="0.004"/>
  <testcase classname="testing.TC_04" name="test_homepage_1" time="0.622"/>
</testsuite> <!-- testing.TC_04 -->
